[2015-07-02 13:03:42] (ERROR @ /index.php) Could not cache resource 1
[2015-07-02 13:03:44] (ERROR @ /index.php) Could not cache resource 1
[2015-07-02 13:06:30] (ERROR @ /var/www/blog.mtt.ru/public_html/core/model/modx/rest/modrestclient.class.php : 231) PHP warning: simplexml_load_string(): Entity: line 1: parser error : XML declaration allowed only at the start of the document
[2015-07-02 13:06:30] (ERROR @ /var/www/blog.mtt.ru/public_html/core/model/modx/rest/modrestclient.class.php : 231) PHP warning: simplexml_load_string(): &lt;?xml
[2015-07-02 13:06:30] (ERROR @ /var/www/blog.mtt.ru/public_html/core/model/modx/rest/modrestclient.class.php : 231) PHP warning: simplexml_load_string():      ^
[2015-07-02 13:06:30] (ERROR @ /var/www/blog.mtt.ru/public_html/core/model/modx/rest/modrestclient.class.php : 231) PHP warning: simplexml_load_string(): Entity: line 1: parser error : ParsePI: PI xml space expected
[2015-07-02 13:06:30] (ERROR @ /var/www/blog.mtt.ru/public_html/core/model/modx/rest/modrestclient.class.php : 231) PHP warning: simplexml_load_string(): &lt;?xml
[2015-07-02 13:06:30] (ERROR @ /var/www/blog.mtt.ru/public_html/core/model/modx/rest/modrestclient.class.php : 231) PHP warning: simplexml_load_string():      ^
[2015-07-02 13:06:30] (ERROR @ /var/www/blog.mtt.ru/public_html/core/model/modx/rest/modrestclient.class.php : 231) PHP warning: simplexml_load_string(): Entity: line 1: parser error : ParsePI: PI xml never end ...
[2015-07-02 13:06:30] (ERROR @ /var/www/blog.mtt.ru/public_html/core/model/modx/rest/modrestclient.class.php : 231) PHP warning: simplexml_load_string(): &lt;?xml
[2015-07-02 13:06:30] (ERROR @ /var/www/blog.mtt.ru/public_html/core/model/modx/rest/modrestclient.class.php : 231) PHP warning: simplexml_load_string():      ^
[2015-07-02 13:06:30] (ERROR @ /var/www/blog.mtt.ru/public_html/core/model/modx/rest/modrestclient.class.php : 231) PHP warning: simplexml_load_string(): Entity: line 1: parser error : Start tag expected, '&lt;' not found
[2015-07-02 13:06:30] (ERROR @ /var/www/blog.mtt.ru/public_html/core/model/modx/rest/modrestclient.class.php : 231) PHP warning: simplexml_load_string(): &lt;?xml
[2015-07-02 13:06:30] (ERROR @ /var/www/blog.mtt.ru/public_html/core/model/modx/rest/modrestclient.class.php : 231) PHP warning: simplexml_load_string():      ^
[2015-07-02 13:06:30] (ERROR @ /connectors/index.php) Could not connect to provider at: http://rest.modx.com/extras/
[2015-07-02 13:06:30] (ERROR @ /var/www/blog.mtt.ru/public_html/core/model/modx/processors/workspace/packages/rest/getlist.class.php : 48) PHP warning: Invalid argument supplied for foreach()
[2015-07-02 13:06:30] (ERROR @ /var/www/blog.mtt.ru/public_html/core/model/modx/processors/workspace/packages/rest/getlist.class.php : 52) PHP warning: Illegal string offset 'total'
[2015-07-02 13:06:30] (ERROR @ /var/www/blog.mtt.ru/public_html/core/model/modx/rest/modrestclient.class.php : 231) PHP warning: simplexml_load_string(): Entity: line 1: parser error : XML declaration allowed only at the start of the document
[2015-07-02 13:06:30] (ERROR @ /var/www/blog.mtt.ru/public_html/core/model/modx/rest/modrestclient.class.php : 231) PHP warning: simplexml_load_string(): &lt;?xml
[2015-07-02 13:06:30] (ERROR @ /var/www/blog.mtt.ru/public_html/core/model/modx/rest/modrestclient.class.php : 231) PHP warning: simplexml_load_string():      ^
[2015-07-02 13:06:30] (ERROR @ /var/www/blog.mtt.ru/public_html/core/model/modx/rest/modrestclient.class.php : 231) PHP warning: simplexml_load_string(): Entity: line 1: parser error : ParsePI: PI xml space expected
[2015-07-02 13:06:30] (ERROR @ /var/www/blog.mtt.ru/public_html/core/model/modx/rest/modrestclient.class.php : 231) PHP warning: simplexml_load_string(): &lt;?xml
[2015-07-02 13:06:30] (ERROR @ /var/www/blog.mtt.ru/public_html/core/model/modx/rest/modrestclient.class.php : 231) PHP warning: simplexml_load_string():      ^
[2015-07-02 13:06:30] (ERROR @ /var/www/blog.mtt.ru/public_html/core/model/modx/rest/modrestclient.class.php : 231) PHP warning: simplexml_load_string(): Entity: line 1: parser error : ParsePI: PI xml never end ...
[2015-07-02 13:06:30] (ERROR @ /var/www/blog.mtt.ru/public_html/core/model/modx/rest/modrestclient.class.php : 231) PHP warning: simplexml_load_string(): &lt;?xml
[2015-07-02 13:06:30] (ERROR @ /var/www/blog.mtt.ru/public_html/core/model/modx/rest/modrestclient.class.php : 231) PHP warning: simplexml_load_string():      ^
[2015-07-02 13:06:30] (ERROR @ /var/www/blog.mtt.ru/public_html/core/model/modx/rest/modrestclient.class.php : 231) PHP warning: simplexml_load_string(): Entity: line 1: parser error : Start tag expected, '&lt;' not found
[2015-07-02 13:06:30] (ERROR @ /var/www/blog.mtt.ru/public_html/core/model/modx/rest/modrestclient.class.php : 231) PHP warning: simplexml_load_string(): &lt;?xml
[2015-07-02 13:06:30] (ERROR @ /var/www/blog.mtt.ru/public_html/core/model/modx/rest/modrestclient.class.php : 231) PHP warning: simplexml_load_string():      ^
[2015-07-02 13:06:30] (ERROR @ /connectors/index.php) Could not connect to provider at: http://rest.modx.com/extras/
[2015-07-02 13:06:30] (ERROR @ /var/www/blog.mtt.ru/public_html/core/model/modx/processors/workspace/packages/rest/getlist.class.php : 48) PHP warning: Invalid argument supplied for foreach()
[2015-07-02 13:06:30] (ERROR @ /var/www/blog.mtt.ru/public_html/core/model/modx/processors/workspace/packages/rest/getlist.class.php : 52) PHP warning: Illegal string offset 'total'
[2015-07-02 13:11:09] (ERROR @ /connectors/index.php) Целевой каталог либо не является каталогом, либо нет прав на запись в этот каталог: /var/www/blog.mtt.ru/public_html/core/packages/
[2015-07-02 13:11:09] (ERROR @ /connectors/index.php) Не могу скачать пакет в: http://modx.s3.amazonaws.com/extras/4d556be8b2b083396d0008bd/wayfinder-2.3.3-pl.transport.zip
[2015-07-02 14:21:28] (ERROR @ /connectors/index.php) Error caching lexicon topic lexicon/en/core/setting
[2015-07-02 14:38:54] (ERROR @ /connectors/index.php) Error caching lexicon topic lexicon/ru/core/namespace
[2015-07-02 14:38:54] (ERROR @ /connectors/index.php) Error caching lexicon topic lexicon/en/core/setting
